1500043658000	geckodriver	INFO	geckodriver 0.18.0
1500043658016	geckodriver	INFO	Listening on 127.0.0.1:43795
1500043659083	geckodriver::marionette	INFO	Starting browser /usr/bin/firefox with args ["-marionette"]
1500043663115	Marionette	INFO	Listening on port 43503
1500043663253	Marionette	WARN	TLS certificate errors will be ignored for this session
1500044412334	geckodriver	INFO	geckodriver 0.18.0
1500044412336	geckodriver	INFO	Listening on 127.0.0.1:33207
1500044412419	geckodriver::marionette	INFO	Starting browser /usr/bin/firefox with args ["-marionette"]
1500044414893	Marionette	INFO	Listening on port 42793
1500044414997	Marionette	WARN	TLS certificate errors will be ignored for this session
1500045095056	geckodriver	INFO	geckodriver 0.18.0
1500045095059	geckodriver	INFO	Listening on 127.0.0.1:33445
1500045096143	geckodriver::marionette	INFO	Starting browser /usr/bin/firefox with args ["-marionette"]
1500045097872	Marionette	INFO	Listening on port 39559
1500045097993	Marionette	WARN	TLS certificate errors will be ignored for this session
1500045103493	Marionette	INFO	Ceased listening
1500045109651	geckodriver	INFO	geckodriver 0.18.0
1500045109653	geckodriver	INFO	Listening on 127.0.0.1:48875
1500045110738	geckodriver::marionette	INFO	Starting browser /usr/bin/firefox with args ["-marionette"]
1500045112516	Marionette	INFO	Listening on port 34541
1500045112606	Marionette	WARN	TLS certificate errors will be ignored for this session
1500045132677	geckodriver	INFO	geckodriver 0.18.0
1500045132682	geckodriver	INFO	Listening on 127.0.0.1:57665
1500045133765	geckodriver::marionette	INFO	Starting browser /usr/bin/firefox with args ["-marionette"]
1500045135461	Marionette	INFO	Listening on port 38083
1500045135538	Marionette	WARN	TLS certificate errors will be ignored for this session
1500045504367	geckodriver	INFO	geckodriver 0.18.0
1500045504369	geckodriver	INFO	Listening on 127.0.0.1:37897
1500045504477	geckodriver::marionette	INFO	Starting browser /usr/bin/firefox with args ["-marionette"]
1500045506983	Marionette	INFO	Listening on port 33671
1500045507051	Marionette	WARN	TLS certificate errors will be ignored for this session
1500045518323	Marionette	INFO	Ceased listening
1500045526214	geckodriver	INFO	geckodriver 0.18.0
1500045526216	geckodriver	INFO	Listening on 127.0.0.1:35797
1500045526312	geckodriver::marionette	INFO	Starting browser /usr/bin/firefox with args ["-marionette"]
1500045528069	Marionette	INFO	Listening on port 33131
1500045528167	Marionette	WARN	TLS certificate errors will be ignored for this session
1500045530588	Marionette	INFO	Ceased listening
*************************
A coding exception was thrown and uncaught in a Task.

Full message: TypeError: NetworkError when attempting to fetch resource.
Full stack: 
*************************
1500045710218	geckodriver	INFO	geckodriver 0.18.0
1500045710236	geckodriver	INFO	Listening on 127.0.0.1:50303
1500045711303	geckodriver::marionette	INFO	Starting browser /usr/bin/firefox with args ["-marionette"]
1500045713043	Marionette	INFO	Listening on port 33775
1500045713099	Marionette	WARN	TLS certificate errors will be ignored for this session
1500045717439	Marionette	INFO	Ceased listening
1500045829558	geckodriver	INFO	geckodriver 0.18.0
1500045829561	geckodriver	INFO	Listening on 127.0.0.1:57235
1500045830643	geckodriver::marionette	INFO	Starting browser /usr/bin/firefox with args ["-marionette"]
1500045832436	Marionette	INFO	Listening on port 46301
1500045832546	Marionette	WARN	TLS certificate errors will be ignored for this session
1500045911940	Marionette	INFO	Ceased listening
1500045919898	geckodriver	INFO	geckodriver 0.18.0
1500045919900	geckodriver	INFO	Listening on 127.0.0.1:48755
1500045919997	geckodriver::marionette	INFO	Starting browser /usr/bin/firefox with args ["-marionette"]
1500045921725	Marionette	INFO	Listening on port 39717
1500045921840	Marionette	WARN	TLS certificate errors will be ignored for this session
1500045974516	geckodriver	INFO	geckodriver 0.18.0
1500045974546	geckodriver	INFO	Listening on 127.0.0.1:47631
1500045974713	geckodriver::marionette	INFO	Starting browser /usr/bin/firefox with args ["-marionette"]
1500045977192	Marionette	INFO	Listening on port 42743
1500045977312	Marionette	WARN	TLS certificate errors will be ignored for this session
1500046005097	Marionette	INFO	Ceased listening
1500046007147	Marionette	INFO	Ceased listening
1500046009021	Marionette	INFO	Ceased listening
1500046010835	geckodriver	INFO	geckodriver 0.18.0
1500046010837	geckodriver	INFO	Listening on 127.0.0.1:49287
1500046011922	geckodriver::marionette	INFO	Starting browser /usr/bin/firefox with args ["-marionette"]
1500046013661	Marionette	INFO	Listening on port 34175
1500046013778	Marionette	WARN	TLS certificate errors will be ignored for this session
1500046018980	Marionette	INFO	Ceased listening
1500046048214	geckodriver	INFO	geckodriver 0.18.0
1500046048218	geckodriver	INFO	Listening on 127.0.0.1:56743
1500046049303	geckodriver::marionette	INFO	Starting browser /usr/bin/firefox with args ["-marionette"]
1500046051036	Marionette	INFO	Listening on port 34541
1500046051169	Marionette	WARN	TLS certificate errors will be ignored for this session
1500046053968	Marionette	INFO	Ceased listening
1500046083495	geckodriver	INFO	geckodriver 0.18.0
1500046083498	geckodriver	INFO	Listening on 127.0.0.1:47219
1500046084583	geckodriver::marionette	INFO	Starting browser /usr/bin/firefox with args ["-marionette"]
1500046086291	Marionette	INFO	Listening on port 40141
1500046086356	Marionette	WARN	TLS certificate errors will be ignored for this session
1500046091390	Marionette	INFO	Ceased listening
1500047040849	geckodriver	INFO	geckodriver 0.18.0
1500047040851	geckodriver	INFO	Listening on 127.0.0.1:50103
1500047040940	geckodriver::marionette	INFO	Starting browser /usr/bin/firefox with args ["-marionette"]
1500047042655	Marionette	INFO	Listening on port 32987
1500047042707	Marionette	WARN	TLS certificate errors will be ignored for this session
1500047092439	geckodriver	INFO	geckodriver 0.18.0
1500047092442	geckodriver	INFO	Listening on 127.0.0.1:34489
1500047093522	geckodriver::marionette	INFO	Starting browser /usr/bin/firefox with args ["-marionette"]
1500047098660	Marionette	INFO	Listening on port 41483
1500047098722	Marionette	WARN	TLS certificate errors will be ignored for this session
1500047116290	Marionette	INFO	Ceased listening
1500047117907	Marionette	INFO	Ceased listening
1500047125923	geckodriver	INFO	geckodriver 0.18.0
1500047125926	geckodriver	INFO	Listening on 127.0.0.1:46829
1500047127012	geckodriver::marionette	INFO	Starting browser /usr/bin/firefox with args ["-marionette"]
1500047128727	Marionette	INFO	Listening on port 42047
1500047128791	Marionette	WARN	TLS certificate errors will be ignored for this session
1500047602507	geckodriver	INFO	geckodriver 0.18.0
1500047602509	geckodriver	INFO	Listening on 127.0.0.1:55965
1500047603596	geckodriver::marionette	INFO	Starting browser /usr/bin/firefox with args ["-marionette"]
1500047605331	Marionette	INFO	Listening on port 36809
1500047605445	Marionette	WARN	TLS certificate errors will be ignored for this session
1500047612537	Marionette	INFO	Ceased listening
1500047615434	geckodriver	INFO	geckodriver 0.18.0
1500047615438	geckodriver	INFO	Listening on 127.0.0.1:54671
1500047615527	geckodriver::marionette	INFO	Starting browser /usr/bin/firefox with args ["-marionette"]
1500047617250	Marionette	INFO	Listening on port 34099
1500047617368	Marionette	WARN	TLS certificate errors will be ignored for this session
1500047623660	Marionette	INFO	Ceased listening
*************************
A coding exception was thrown and uncaught in a Task.

Full message: TypeError: NetworkError when attempting to fetch resource.
Full stack: 
*************************
1500047649595	geckodriver	INFO	geckodriver 0.18.0
1500047649598	geckodriver	INFO	Listening on 127.0.0.1:43407
1500047650683	geckodriver::marionette	INFO	Starting browser /usr/bin/firefox with args ["-marionette"]
1500047652442	Marionette	INFO	Listening on port 45681
1500047652523	Marionette	WARN	TLS certificate errors will be ignored for this session
1500047702115	geckodriver	INFO	geckodriver 0.18.0
1500047702118	geckodriver	INFO	Listening on 127.0.0.1:54639
1500047703204	geckodriver::marionette	INFO	Starting browser /usr/bin/firefox with args ["-marionette"]
1500047704920	Marionette	INFO	Listening on port 37293
1500047704976	Marionette	WARN	TLS certificate errors will be ignored for this session
1500047720744	Marionette	INFO	Ceased listening
1500047885149	geckodriver	INFO	geckodriver 0.18.0
1500047885152	geckodriver	INFO	Listening on 127.0.0.1:51853
1500047886234	geckodriver::marionette	INFO	Starting browser /usr/bin/firefox with args ["-marionette"]
1500047887944	Marionette	INFO	Listening on port 35237
1500047888000	Marionette	WARN	TLS certificate errors will be ignored for this session
1500047912181	geckodriver	INFO	geckodriver 0.18.0
1500047912212	geckodriver	INFO	Listening on 127.0.0.1:58045
1500047912367	geckodriver::marionette	INFO	Starting browser /usr/bin/firefox with args ["-marionette"]
1500047914628	Marionette	INFO	Listening on port 34431
1500047914779	Marionette	WARN	TLS certificate errors will be ignored for this session
1500047948903	Marionette	INFO	Ceased listening
1500047979879	geckodriver	INFO	geckodriver 0.18.0
1500047979884	geckodriver	INFO	Listening on 127.0.0.1:60323
1500047980969	geckodriver::marionette	INFO	Starting browser /usr/bin/firefox with args ["-marionette"]
1500047982651	Marionette	INFO	Listening on port 39637
1500047982713	Marionette	WARN	TLS certificate errors will be ignored for this session
*************************
A coding exception was thrown and uncaught in a Task.

Full message: TypeError: NetworkError when attempting to fetch resource.
Full stack: 
*************************
1500048882298	geckodriver	INFO	geckodriver 0.18.0
1500048882321	geckodriver	INFO	Listening on 127.0.0.1:39941
1500048882473	geckodriver::marionette	INFO	Starting browser /usr/bin/firefox with args ["-marionette"]
1500048884243	Marionette	INFO	Listening on port 41213
1500048884342	Marionette	WARN	TLS certificate errors will be ignored for this session
1500048961324	geckodriver	INFO	geckodriver 0.18.0
1500048961326	geckodriver	INFO	Listening on 127.0.0.1:52611
1500048962409	geckodriver::marionette	INFO	Starting browser /usr/bin/firefox with args ["-marionette"]
1500048964238	Marionette	INFO	Listening on port 40015
1500048964305	Marionette	WARN	TLS certificate errors will be ignored for this session
1500049011591	geckodriver	INFO	geckodriver 0.18.0
1500049011594	geckodriver	INFO	Listening on 127.0.0.1:38865
1500049011708	geckodriver::marionette	INFO	Starting browser /usr/bin/firefox with args ["-marionette"]
1500049013492	Marionette	INFO	Listening on port 43463
1500049013561	Marionette	WARN	TLS certificate errors will be ignored for this session
1500049015805	Marionette	INFO	Ceased listening
1500049019150	Marionette	INFO	Ceased listening
1500049019156	Marionette	INFO	Ceased listening
1500049019235	Marionette	INFO	Ceased listening
1500049019268	Marionette	INFO	Ceased listening
1500049119971	geckodriver	INFO	geckodriver 0.18.0
1500049119974	geckodriver	INFO	Listening on 127.0.0.1:44881
1500049120069	geckodriver::marionette	INFO	Starting browser /usr/bin/firefox with args ["-marionette"]
1500049121760	Marionette	INFO	Listening on port 39463
1500049121836	Marionette	WARN	TLS certificate errors will be ignored for this session
1500049125709	Marionette	INFO	Ceased listening
1500049148557	geckodriver	INFO	geckodriver 0.18.0
1500049148559	geckodriver	INFO	Listening on 127.0.0.1:38323
1500049148654	geckodriver::marionette	INFO	Starting browser /usr/bin/firefox with args ["-marionette"]
1500049150361	Marionette	INFO	Listening on port 44805
1500049150435	Marionette	WARN	TLS certificate errors will be ignored for this session
1500049160494	Marionette	INFO	Ceased listening
1500049333546	geckodriver	INFO	geckodriver 0.18.0
1500049333549	geckodriver	INFO	Listening on 127.0.0.1:38331
1500049333644	geckodriver::marionette	INFO	Starting browser /usr/bin/firefox with args ["-marionette"]
1500049335388	Marionette	INFO	Listening on port 42365
1500049335504	Marionette	WARN	TLS certificate errors will be ignored for this session
1500049395421	geckodriver	INFO	geckodriver 0.18.0
1500049395423	geckodriver	INFO	Listening on 127.0.0.1:56931
1500049396511	geckodriver::marionette	INFO	Starting browser /usr/bin/firefox with args ["-marionette"]
1500049398243	Marionette	INFO	Listening on port 40149
1500049398364	Marionette	WARN	TLS certificate errors will be ignored for this session
1500049440660	geckodriver	INFO	geckodriver 0.18.0
1500049440662	geckodriver	INFO	Listening on 127.0.0.1:54477
1500049440753	geckodriver::marionette	INFO	Starting browser /usr/bin/firefox with args ["-marionette"]
1500049442456	Marionette	INFO	Listening on port 39403
1500049442524	Marionette	WARN	TLS certificate errors will be ignored for this session
1500049473328	Marionette	INFO	Ceased listening
1500049476522	geckodriver	INFO	geckodriver 0.18.0
1500049476525	geckodriver	INFO	Listening on 127.0.0.1:54519
1500049477610	geckodriver::marionette	INFO	Starting browser /usr/bin/firefox with args ["-marionette"]
1500049479347	Marionette	INFO	Listening on port 33661
1500049479459	Marionette	WARN	TLS certificate errors will be ignored for this session
1500049537888	Marionette	INFO	Ceased listening
1500049593458	geckodriver	INFO	geckodriver 0.18.0
1500049593460	geckodriver	INFO	Listening on 127.0.0.1:43901
1500049594547	geckodriver::marionette	INFO	Starting browser /usr/bin/firefox with args ["-marionette"]
1500049596293	Marionette	INFO	Listening on port 46451
1500049596398	Marionette	WARN	TLS certificate errors will be ignored for this session
1500049775023	geckodriver	INFO	geckodriver 0.18.0
1500049775025	geckodriver	INFO	Listening on 127.0.0.1:52179
1500049776110	geckodriver::marionette	INFO	Starting browser /usr/bin/firefox with args ["-marionette"]
1500049777821	Marionette	INFO	Listening on port 40097
1500049777873	Marionette	WARN	TLS certificate errors will be ignored for this session
1500049788490	geckodriver	INFO	geckodriver 0.18.0
1500049788494	geckodriver	INFO	Listening on 127.0.0.1:48297
1500049789582	geckodriver::marionette	INFO	Starting browser /usr/bin/firefox with args ["-marionette"]
1500049791292	Marionette	INFO	Listening on port 34219
1500049791356	Marionette	WARN	TLS certificate errors will be ignored for this session
1500049804437	geckodriver	INFO	geckodriver 0.18.0
1500049804440	geckodriver	INFO	Listening on 127.0.0.1:47071
1500049805528	geckodriver::marionette	INFO	Starting browser /usr/bin/firefox with args ["-marionette"]
1500049807249	Marionette	INFO	Listening on port 38801
1500049807318	Marionette	WARN	TLS certificate errors will be ignored for this session
1500049914245	geckodriver	INFO	geckodriver 0.18.0
1500049914247	geckodriver	INFO	Listening on 127.0.0.1:56643
1500049915322	geckodriver::marionette	INFO	Starting browser /usr/bin/firefox with args ["-marionette"]
1500049917064	Marionette	INFO	Listening on port 44559
1500049917176	Marionette	WARN	TLS certificate errors will be ignored for this session
1500049918834	Marionette	INFO	Ceased listening
1500049927587	geckodriver	INFO	geckodriver 0.18.0
1500049927590	geckodriver	INFO	Listening on 127.0.0.1:59419
1500049928678	geckodriver::marionette	INFO	Starting browser /usr/bin/firefox with args ["-marionette"]
1500049930380	Marionette	INFO	Listening on port 35585
1500049930447	Marionette	WARN	TLS certificate errors will be ignored for this session
1500049939029	Marionette	INFO	Ceased listening
1500049947011	geckodriver	INFO	geckodriver 0.18.0
1500049947014	geckodriver	INFO	Listening on 127.0.0.1:48799
1500049948100	geckodriver::marionette	INFO	Starting browser /usr/bin/firefox with args ["-marionette"]
1500049949774	Marionette	INFO	Listening on port 37209
1500049949856	Marionette	WARN	TLS certificate errors will be ignored for this session
1500049956296	Marionette	INFO	Ceased listening
1500050014131	geckodriver	INFO	geckodriver 0.18.0
1500050014133	geckodriver	INFO	Listening on 127.0.0.1:57419
1500050014225	geckodriver::marionette	INFO	Starting browser /usr/bin/firefox with args ["-marionette"]
1500050015939	Marionette	INFO	Listening on port 34347
1500050015997	Marionette	WARN	TLS certificate errors will be ignored for this session
1500050115949	geckodriver	INFO	geckodriver 0.18.0
1500050115952	geckodriver	INFO	Listening on 127.0.0.1:36487
1500050117040	geckodriver::marionette	INFO	Starting browser /usr/bin/firefox with args ["-marionette"]
1500050118771	Marionette	INFO	Listening on port 46575
1500050118894	Marionette	WARN	TLS certificate errors will be ignored for this session
1500050152255	geckodriver	INFO	geckodriver 0.18.0
1500050152258	geckodriver	INFO	Listening on 127.0.0.1:56913
1500050152360	geckodriver::marionette	INFO	Starting browser /usr/bin/firefox with args ["-marionette"]
1500050154065	Marionette	INFO	Listening on port 41957
1500050154112	Marionette	WARN	TLS certificate errors will be ignored for this session
1500050183677	geckodriver	INFO	geckodriver 0.18.0
1500050183688	geckodriver	INFO	Listening on 127.0.0.1:46715
1500050184775	geckodriver::marionette	INFO	Starting browser /usr/bin/firefox with args ["-marionette"]
1500050186457	Marionette	INFO	Listening on port 43797
1500050186530	Marionette	WARN	TLS certificate errors will be ignored for this session
1500050265323	geckodriver	INFO	geckodriver 0.18.0
1500050265325	geckodriver	INFO	Listening on 127.0.0.1:42659
1500050266413	geckodriver::marionette	INFO	Starting browser /usr/bin/firefox with args ["-marionette"]
1500050268141	Marionette	INFO	Listening on port 33569
1500050268265	Marionette	WARN	TLS certificate errors will be ignored for this session
1500050283170	geckodriver	INFO	geckodriver 0.18.0
1500050283173	geckodriver	INFO	Listening on 127.0.0.1:60335
1500050283267	geckodriver::marionette	INFO	Starting browser /usr/bin/firefox with args ["-marionette"]
1500050284961	Marionette	INFO	Listening on port 36975
1500050285027	Marionette	WARN	TLS certificate errors will be ignored for this session
*************************
A coding exception was thrown and uncaught in a Task.

Full message: TypeError: NetworkError when attempting to fetch resource.
Full stack: 
*************************
*************************
A coding exception was thrown and uncaught in a Task.

Full message: TypeError: NetworkError when attempting to fetch resource.
Full stack: 
*************************
1500050430777	geckodriver	INFO	geckodriver 0.18.0
1500050430779	geckodriver	INFO	Listening on 127.0.0.1:51333
1500050431867	geckodriver::marionette	INFO	Starting browser /usr/bin/firefox with args ["-marionette"]
1500050433619	Marionette	INFO	Listening on port 35679
1500050433722	Marionette	WARN	TLS certificate errors will be ignored for this session
1500050839340	geckodriver	INFO	geckodriver 0.18.0
1500050839350	geckodriver	INFO	Listening on 127.0.0.1:37073
1500050840430	geckodriver::marionette	INFO	Starting browser /usr/bin/firefox with args ["-marionette"]
1500050842170	Marionette	INFO	Listening on port 41517
1500050842288	Marionette	WARN	TLS certificate errors will be ignored for this session
1500051447030	geckodriver	INFO	geckodriver 0.18.0
1500051447033	geckodriver	INFO	Listening on 127.0.0.1:35107
1500051448121	geckodriver::marionette	INFO	Starting browser /usr/bin/firefox with args ["-marionette"]
1500051449861	Marionette	INFO	Listening on port 45081
1500051449971	Marionette	WARN	TLS certificate errors will be ignored for this session
1500051458711	Marionette	INFO	Ceased listening
1500051554254	geckodriver	INFO	geckodriver 0.18.0
1500051554256	geckodriver	INFO	Listening on 127.0.0.1:47183
1500051555342	geckodriver::marionette	INFO	Starting browser /usr/bin/firefox with args ["-marionette"]
1500051557063	Marionette	INFO	Listening on port 41415
1500051557120	Marionette	WARN	TLS certificate errors will be ignored for this session
1500051769686	geckodriver	INFO	geckodriver 0.18.0
1500051769690	geckodriver	INFO	Listening on 127.0.0.1:59039
1500051770777	geckodriver::marionette	INFO	Starting browser /usr/bin/firefox with args ["-marionette"]
1500051772451	Marionette	INFO	Listening on port 37433
1500051772528	Marionette	WARN	TLS certificate errors will be ignored for this session
1500051871859	geckodriver	INFO	geckodriver 0.18.0
1500051871861	geckodriver	INFO	Listening on 127.0.0.1:44881
1500051872948	geckodriver::marionette	INFO	Starting browser /usr/bin/firefox with args ["-marionette"]
1500051874683	Marionette	INFO	Listening on port 39037
1500051874796	Marionette	WARN	TLS certificate errors will be ignored for this session
1500051980341	geckodriver	INFO	geckodriver 0.18.0
1500051980344	geckodriver	INFO	Listening on 127.0.0.1:43257
1500051981433	geckodriver::marionette	INFO	Starting browser /usr/bin/firefox with args ["-marionette"]
1500051983195	Marionette	INFO	Listening on port 39893
1500051983293	Marionette	WARN	TLS certificate errors will be ignored for this session
1500052156347	geckodriver	INFO	geckodriver 0.18.0
1500052156349	geckodriver	INFO	Listening on 127.0.0.1:41171
1500052156441	geckodriver::marionette	INFO	Starting browser /usr/bin/firefox with args ["-marionette"]
1500052158434	Marionette	INFO	Listening on port 40385
1500052158525	Marionette	WARN	TLS certificate errors will be ignored for this session
1500052439324	geckodriver	INFO	geckodriver 0.18.0
1500052439327	geckodriver	INFO	Listening on 127.0.0.1:43175
1500052440414	geckodriver::marionette	INFO	Starting browser /usr/bin/firefox with args ["-marionette"]
1500052442119	Marionette	INFO	Listening on port 44607
1500052442178	Marionette	WARN	TLS certificate errors will be ignored for this session
1500052681159	Marionette	INFO	Ceased listening
1500052682443	Marionette	INFO	Ceased listening
1500052683752	Marionette	INFO	Ceased listening
1500124686546	geckodriver	INFO	geckodriver 0.18.0
1500124686548	geckodriver	INFO	Listening on 127.0.0.1:36077
1500124687642	geckodriver::marionette	INFO	Starting browser /usr/bin/firefox with args ["-marionette"]
1500124691948	Marionette	INFO	Listening on port 46447
1500124692072	Marionette	WARN	TLS certificate errors will be ignored for this session
1500245864709	geckodriver	INFO	geckodriver 0.18.0
1500245864755	geckodriver	INFO	Listening on 127.0.0.1:50591
1500245865803	geckodriver::marionette	INFO	Starting browser /usr/bin/firefox with args ["-marionette"]
1500245868978	Marionette	INFO	Listening on port 46405
1500245869099	Marionette	WARN	TLS certificate errors will be ignored for this session
1500245875405	Marionette	INFO	Ceased listening
1500245906384	geckodriver	INFO	geckodriver 0.18.0
1500245906388	geckodriver	INFO	Listening on 127.0.0.1:38355
1500245907474	geckodriver::marionette	INFO	Starting browser /usr/bin/firefox with args ["-marionette"]
1500245909251	Marionette	INFO	Listening on port 33667
1500245909319	Marionette	WARN	TLS certificate errors will be ignored for this session
1500245914329	Marionette	INFO	Ceased listening
1500245925130	geckodriver	INFO	geckodriver 0.18.0
1500245925134	geckodriver	INFO	Listening on 127.0.0.1:38497
1500245926220	geckodriver::marionette	INFO	Starting browser /usr/bin/firefox with args ["-marionette"]
1500245927959	Marionette	INFO	Listening on port 36253
1500245928083	Marionette	WARN	TLS certificate errors will be ignored for this session
1500249984628	geckodriver	INFO	geckodriver 0.18.0
1500249984631	geckodriver	INFO	Listening on 127.0.0.1:56233
1500249984728	geckodriver::marionette	INFO	Starting browser /usr/bin/firefox with args ["-marionette"]
1500249986592	Marionette	INFO	Listening on port 38577
1500249986701	Marionette	WARN	TLS certificate errors will be ignored for this session
1500250641131	geckodriver	INFO	geckodriver 0.18.0
1500250641134	geckodriver	INFO	Listening on 127.0.0.1:45117
1500250642217	geckodriver::marionette	INFO	Starting browser /usr/bin/firefox with args ["-marionette"]
1500250643925	Marionette	INFO	Listening on port 36415
1500250643988	Marionette	WARN	TLS certificate errors will be ignored for this session
*************************
A coding exception was thrown and uncaught in a Task.

Full message: TypeError: NetworkError when attempting to fetch resource.
Full stack: 
*************************
1500251608400	geckodriver	INFO	geckodriver 0.18.0
1500251608403	geckodriver	INFO	Listening on 127.0.0.1:49137
1500251609488	geckodriver::marionette	INFO	Starting browser /usr/bin/firefox with args ["-marionette"]
1500251611187	Marionette	INFO	Listening on port 42127
1500251611244	Marionette	WARN	TLS certificate errors will be ignored for this session
*************************
A coding exception was thrown and uncaught in a Task.

Full message: TypeError: NetworkError when attempting to fetch resource.
Full stack: 
*************************
1500259167716	geckodriver	INFO	geckodriver 0.18.0
1500259167718	geckodriver	INFO	Listening on 127.0.0.1:41241
1500259168803	geckodriver::marionette	INFO	Starting browser /usr/bin/firefox with args ["-marionette"]
1500259170523	Marionette	INFO	Listening on port 38295
1500259170593	Marionette	WARN	TLS certificate errors will be ignored for this session
1500259717269	geckodriver	INFO	geckodriver 0.18.0
1500259717272	geckodriver	INFO	Listening on 127.0.0.1:54673
1500259717274	geckodriver	INFO	geckodriver 0.18.0
1500259717281	geckodriver	INFO	Listening on 127.0.0.1:59443
1500259717289	geckodriver	INFO	geckodriver 0.18.0
1500259717292	geckodriver	INFO	Listening on 127.0.0.1:41119
1500259718369	geckodriver::marionette	INFO	Starting browser /usr/bin/firefox with args ["-marionette"]
1500259718369	geckodriver::marionette	INFO	Starting browser /usr/bin/firefox with args ["-marionette"]
1500259718377	geckodriver::marionette	INFO	Starting browser /usr/bin/firefox with args ["-marionette"]
1500259720503	Marionette	INFO	Listening on port 34071
1500259720525	Marionette	INFO	Listening on port 37569
1500259720561	Marionette	INFO	Listening on port 38153
1500259720613	Marionette	WARN	TLS certificate errors will be ignored for this session
1500259720639	Marionette	WARN	TLS certificate errors will be ignored for this session
1500259720654	Marionette	WARN	TLS certificate errors will be ignored for this session
1500259773406	geckodriver	INFO	geckodriver 0.18.0
1500259773408	geckodriver	INFO	Listening on 127.0.0.1:58197
1500259773411	geckodriver	INFO	geckodriver 0.18.0
1500259773413	geckodriver	INFO	Listening on 127.0.0.1:57173
1500259773501	geckodriver::marionette	INFO	Starting browser /usr/bin/firefox with args ["-marionette"]
1500259774504	geckodriver::marionette	INFO	Starting browser /usr/bin/firefox with args ["-marionette"]
1500259775284	Marionette	INFO	Listening on port 33441
1500259775365	Marionette	WARN	TLS certificate errors will be ignored for this session
1500259776419	Marionette	INFO	Listening on port 33587
1500259776494	Marionette	WARN	TLS certificate errors will be ignored for this session
1500259810793	geckodriver	INFO	geckodriver 0.18.0
1500259810795	geckodriver	INFO	Listening on 127.0.0.1:38503
1500259811880	geckodriver::marionette	INFO	Starting browser /usr/bin/firefox with args ["-marionette"]
1500259813614	Marionette	INFO	Listening on port 34345
1500259813730	Marionette	WARN	TLS certificate errors will be ignored for this session
1500259859459	geckodriver	INFO	geckodriver 0.18.0
1500259859462	geckodriver	INFO	Listening on 127.0.0.1:58963
1500259860549	geckodriver::marionette	INFO	Starting browser /usr/bin/firefox with args ["-marionette"]
1500259862236	Marionette	INFO	Listening on port 42499
1500259862301	Marionette	WARN	TLS certificate errors will be ignored for this session
1500259883342	geckodriver	INFO	geckodriver 0.18.0
1500259883345	geckodriver	INFO	Listening on 127.0.0.1:47585
1500259884431	geckodriver::marionette	INFO	Starting browser /usr/bin/firefox with args ["-marionette"]
1500259886132	Marionette	INFO	Listening on port 43273
1500259886216	Marionette	WARN	TLS certificate errors will be ignored for this session
1500259887618	geckodriver	INFO	geckodriver 0.18.0
1500259887620	geckodriver	INFO	Listening on 127.0.0.1:41509
1500259908843	geckodriver	INFO	geckodriver 0.18.0
1500259908850	geckodriver	INFO	Listening on 127.0.0.1:59047
1500259908850	geckodriver	INFO	geckodriver 0.18.0
1500259908854	geckodriver	INFO	Listening on 127.0.0.1:57317
1500259909932	geckodriver::marionette	INFO	Starting browser /usr/bin/firefox with args ["-marionette"]
1500259909938	geckodriver::marionette	INFO	Starting browser /usr/bin/firefox with args ["-marionette"]
1500259911794	Marionette	INFO	Listening on port 32837
1500259911795	Marionette	INFO	Listening on port 36285
1500259911869	Marionette	WARN	TLS certificate errors will be ignored for this session
1500259911891	Marionette	WARN	TLS certificate errors will be ignored for this session
1500260085385	geckodriver	INFO	geckodriver 0.18.0
1500260085388	geckodriver	INFO	Listening on 127.0.0.1:53981
1500260085395	geckodriver	INFO	geckodriver 0.18.0
1500260085399	geckodriver	INFO	Listening on 127.0.0.1:53207
1500260086472	geckodriver::marionette	INFO	Starting browser /usr/bin/firefox with args ["-marionette"]
1500260086486	geckodriver::marionette	INFO	Starting browser /usr/bin/firefox with args ["-marionette"]
1500260088238	Marionette	INFO	Listening on port 46607
1500260088300	Marionette	INFO	Listening on port 35953
1500260088317	Marionette	WARN	TLS certificate errors will be ignored for this session
1500260088420	Marionette	WARN	TLS certificate errors will be ignored for this session
1500260166902	geckodriver	INFO	geckodriver 0.18.0
1500260166902	geckodriver	INFO	geckodriver 0.18.0
1500260166904	geckodriver	INFO	Listening on 127.0.0.1:45439
1500260166910	geckodriver	INFO	Listening on 127.0.0.1:50587
1500260167990	geckodriver::marionette	INFO	Starting browser /usr/bin/firefox with args ["-marionette"]
1500260167991	geckodriver::marionette	INFO	Starting browser /usr/bin/firefox with args ["-marionette"]
1500260169839	Marionette	INFO	Listening on port 35757
1500260169840	Marionette	INFO	Listening on port 39977
1500260169950	Marionette	WARN	TLS certificate errors will be ignored for this session
1500260169969	Marionette	WARN	TLS certificate errors will be ignored for this session
1500260317108	geckodriver	INFO	geckodriver 0.18.0
1500260317110	geckodriver	INFO	Listening on 127.0.0.1:54211
1500260317111	geckodriver	INFO	geckodriver 0.18.0
1500260317116	geckodriver	INFO	Listening on 127.0.0.1:55797
1500260318199	geckodriver::marionette	INFO	Starting browser /usr/bin/firefox with args ["-marionette"]
1500260318200	geckodriver::marionette	INFO	Starting browser /usr/bin/firefox with args ["-marionette"]
1500260319993	Marionette	INFO	Listening on port 41317
1500260320062	Marionette	WARN	TLS certificate errors will be ignored for this session
1500260320064	Marionette	INFO	Listening on port 35017
1500260320143	Marionette	WARN	TLS certificate errors will be ignored for this session
1500260446069	geckodriver	INFO	geckodriver 0.18.0
1500260446071	geckodriver	INFO	Listening on 127.0.0.1:47661
1500260446074	geckodriver	INFO	geckodriver 0.18.0
1500260446076	geckodriver	INFO	Listening on 127.0.0.1:59663
1500260447160	geckodriver::marionette	INFO	Starting browser /usr/bin/firefox with args ["-marionette"]
1500260447163	geckodriver::marionette	INFO	Starting browser /usr/bin/firefox with args ["-marionette"]
1500260448942	Marionette	INFO	Listening on port 33649
1500260448988	Marionette	INFO	Listening on port 42699
1500260449022	Marionette	WARN	TLS certificate errors will be ignored for this session
1500260449128	Marionette	WARN	TLS certificate errors will be ignored for this session
1500260656625	geckodriver	INFO	geckodriver 0.18.0
1500260656628	geckodriver	INFO	Listening on 127.0.0.1:36811
1500260656640	geckodriver	INFO	geckodriver 0.18.0
1500260656642	geckodriver	INFO	Listening on 127.0.0.1:57103
1500260657717	geckodriver::marionette	INFO	Starting browser /usr/bin/firefox with args ["-marionette"]
1500260657732	geckodriver::marionette	INFO	Starting browser /usr/bin/firefox with args ["-marionette"]
1500260659565	Marionette	INFO	Listening on port 43757
1500260659577	Marionette	INFO	Listening on port 37411
1500260659663	Marionette	WARN	TLS certificate errors will be ignored for this session
1500260659665	Marionette	WARN	TLS certificate errors will be ignored for this session
1500260809993	geckodriver	INFO	geckodriver 0.18.0
1500260809995	geckodriver	INFO	geckodriver 0.18.0
1500260809998	geckodriver	INFO	Listening on 127.0.0.1:59397
1500260810000	geckodriver	INFO	Listening on 127.0.0.1:52763
1500260811082	geckodriver::marionette	INFO	Starting browser /usr/bin/firefox with args ["-marionette"]
1500260811086	geckodriver::marionette	INFO	Starting browser /usr/bin/firefox with args ["-marionette"]
1500260812943	Marionette	INFO	Listening on port 43839
1500260812948	Marionette	INFO	Listening on port 40245
1500260813028	Marionette	WARN	TLS certificate errors will be ignored for this session
1500260813034	Marionette	WARN	TLS certificate errors will be ignored for this session
1500261009546	geckodriver	INFO	geckodriver 0.18.0
1500261009549	geckodriver	INFO	Listening on 127.0.0.1:52637
1500261009553	geckodriver	INFO	geckodriver 0.18.0
1500261009555	geckodriver	INFO	Listening on 127.0.0.1:48669
1500261010639	geckodriver::marionette	INFO	Starting browser /usr/bin/firefox with args ["-marionette"]
1500261010643	geckodriver::marionette	INFO	Starting browser /usr/bin/firefox with args ["-marionette"]
1500261012424	Marionette	INFO	Listening on port 34677
1500261012484	Marionette	INFO	Listening on port 40025
1500261012488	Marionette	WARN	TLS certificate errors will be ignored for this session
1500261012586	Marionette	WARN	TLS certificate errors will be ignored for this session
1500261143290	geckodriver	INFO	geckodriver 0.18.0
1500261143297	geckodriver	INFO	geckodriver 0.18.0
1500261143299	geckodriver	INFO	Listening on 127.0.0.1:33049
1500261143303	geckodriver	INFO	Listening on 127.0.0.1:44761
1500261144381	geckodriver::marionette	INFO	Starting browser /usr/bin/firefox with args ["-marionette"]
1500261144386	geckodriver::marionette	INFO	Starting browser /usr/bin/firefox with args ["-marionette"]
1500261146141	Marionette	INFO	Listening on port 43963
1500261146168	Marionette	INFO	Listening on port 37751
1500261146217	Marionette	WARN	TLS certificate errors will be ignored for this session
1500261146223	Marionette	WARN	TLS certificate errors will be ignored for this session
1500261259618	geckodriver	INFO	geckodriver 0.18.0
1500261259621	geckodriver	INFO	Listening on 127.0.0.1:38049
1500261259624	geckodriver	INFO	geckodriver 0.18.0
1500261259626	geckodriver	INFO	Listening on 127.0.0.1:36945
1500261260710	geckodriver::marionette	INFO	Starting browser /usr/bin/firefox with args ["-marionette"]
1500261260714	geckodriver::marionette	INFO	Starting browser /usr/bin/firefox with args ["-marionette"]
1500261262621	Marionette	INFO	Listening on port 37325
1500261262680	Marionette	WARN	TLS certificate errors will be ignored for this session
1500261262683	Marionette	INFO	Listening on port 42657
1500261262803	Marionette	WARN	TLS certificate errors will be ignored for this session
1500261346442	geckodriver	INFO	geckodriver 0.18.0
1500261346445	geckodriver	INFO	Listening on 127.0.0.1:37611
1500261346451	geckodriver	INFO	geckodriver 0.18.0
1500261346459	geckodriver	INFO	Listening on 127.0.0.1:52035
1500261347533	geckodriver::marionette	INFO	Starting browser /usr/bin/firefox with args ["-marionette"]
1500261347541	geckodriver::marionette	INFO	Starting browser /usr/bin/firefox with args ["-marionette"]
1500261349367	Marionette	INFO	Listening on port 37017
1500261349438	Marionette	INFO	Listening on port 36463
1500261349496	Marionette	WARN	TLS certificate errors will be ignored for this session
1500261349499	Marionette	WARN	TLS certificate errors will be ignored for this session
1500261434420	geckodriver	INFO	geckodriver 0.18.0
1500261434422	geckodriver	INFO	Listening on 127.0.0.1:50177
1500261435449	geckodriver	INFO	geckodriver 0.18.0
1500261435451	geckodriver	INFO	Listening on 127.0.0.1:34567
1500261435525	geckodriver::marionette	INFO	Starting browser /usr/bin/firefox with args ["-marionette"]
1500261435543	geckodriver::marionette	INFO	Starting browser /usr/bin/firefox with args ["-marionette"]
1500261437634	Marionette	INFO	Listening on port 40335
1500261437659	Marionette	INFO	Listening on port 35371
1500261437714	Marionette	WARN	TLS certificate errors will be ignored for this session
1500261437745	Marionette	WARN	TLS certificate errors will be ignored for this session
1500261525268	geckodriver	INFO	geckodriver 0.18.0
1500261525271	geckodriver	INFO	geckodriver 0.18.0
1500261525271	geckodriver	INFO	Listening on 127.0.0.1:49313
1500261525273	geckodriver	INFO	Listening on 127.0.0.1:55657
1500261526360	geckodriver::marionette	INFO	Starting browser /usr/bin/firefox with args ["-marionette"]
1500261526362	geckodriver::marionette	INFO	Starting browser /usr/bin/firefox with args ["-marionette"]
1500261528270	Marionette	INFO	Listening on port 46221
1500261528324	Marionette	INFO	Listening on port 46601
1500261528333	Marionette	WARN	TLS certificate errors will be ignored for this session
1500261528398	Marionette	WARN	TLS certificate errors will be ignored for this session
1500261638216	geckodriver	INFO	geckodriver 0.18.0
1500261638218	geckodriver	INFO	Listening on 127.0.0.1:53151
1500261638222	geckodriver	INFO	geckodriver 0.18.0
1500261638224	geckodriver	INFO	Listening on 127.0.0.1:55703
1500261639308	geckodriver::marionette	INFO	Starting browser /usr/bin/firefox with args ["-marionette"]
1500261639313	geckodriver::marionette	INFO	Starting browser /usr/bin/firefox with args ["-marionette"]
1500261641189	Marionette	INFO	Listening on port 39399
1500261641207	Marionette	INFO	Listening on port 35039
1500261641272	Marionette	WARN	TLS certificate errors will be ignored for this session
1500261641273	Marionette	WARN	TLS certificate errors will be ignored for this session
1500261722334	geckodriver	INFO	geckodriver 0.18.0
1500261722334	geckodriver	INFO	geckodriver 0.18.0
1500261722337	geckodriver	INFO	Listening on 127.0.0.1:59787
1500261722342	geckodriver	INFO	Listening on 127.0.0.1:54287
1500261723424	geckodriver::marionette	INFO	Starting browser /usr/bin/firefox with args ["-marionette"]
1500261723424	geckodriver::marionette	INFO	Starting browser /usr/bin/firefox with args ["-marionette"]
1500261725243	Marionette	INFO	Listening on port 37107
1500261725304	Marionette	INFO	Listening on port 44731
1500261725311	Marionette	WARN	TLS certificate errors will be ignored for this session
1500261725382	Marionette	WARN	TLS certificate errors will be ignored for this session
1500262047638	geckodriver	INFO	geckodriver 0.18.0
1500262047640	geckodriver	INFO	Listening on 127.0.0.1:56395
1500262047642	geckodriver	INFO	geckodriver 0.18.0
1500262047644	geckodriver	INFO	Listening on 127.0.0.1:40747
1500262048728	geckodriver::marionette	INFO	Starting browser /usr/bin/firefox with args ["-marionette"]
1500262048731	geckodriver::marionette	INFO	Starting browser /usr/bin/firefox with args ["-marionette"]
1500262050542	Marionette	INFO	Listening on port 36933
1500262050591	Marionette	WARN	TLS certificate errors will be ignored for this session
1500262050604	Marionette	INFO	Listening on port 44327
1500262050684	Marionette	WARN	TLS certificate errors will be ignored for this session
1500262141033	geckodriver	INFO	geckodriver 0.18.0
1500262141035	geckodriver	INFO	Listening on 127.0.0.1:52215
1500262141037	geckodriver	INFO	geckodriver 0.18.0
1500262141039	geckodriver	INFO	Listening on 127.0.0.1:59611
1500262142124	geckodriver::marionette	INFO	Starting browser /usr/bin/firefox with args ["-marionette"]
1500262142125	geckodriver::marionette	INFO	Starting browser /usr/bin/firefox with args ["-marionette"]
1500262143922	Marionette	INFO	Listening on port 45979
1500262143942	Marionette	INFO	Listening on port 35509
1500262144017	Marionette	WARN	TLS certificate errors will be ignored for this session
1500262144094	Marionette	WARN	TLS certificate errors will be ignored for this session
1500262233861	geckodriver	INFO	geckodriver 0.18.0
1500262233864	geckodriver	INFO	Listening on 127.0.0.1:56291
1500262233867	geckodriver	INFO	geckodriver 0.18.0
1500262233869	geckodriver	INFO	Listening on 127.0.0.1:36981
1500262234951	geckodriver::marionette	INFO	Starting browser /usr/bin/firefox with args ["-marionette"]
1500262234957	geckodriver::marionette	INFO	Starting browser /usr/bin/firefox with args ["-marionette"]
1500262236725	Marionette	INFO	Listening on port 44249
1500262236746	Marionette	INFO	Listening on port 45973
1500262236792	Marionette	WARN	TLS certificate errors will be ignored for this session
1500262236799	Marionette	WARN	TLS certificate errors will be ignored for this session
1500262338753	geckodriver	INFO	geckodriver 0.18.0
1500262338755	geckodriver	INFO	Listening on 127.0.0.1:56683
1500262338759	geckodriver	INFO	geckodriver 0.18.0
1500262338762	geckodriver	INFO	Listening on 127.0.0.1:49315
1500262339846	geckodriver::marionette	INFO	Starting browser /usr/bin/firefox with args ["-marionette"]
1500262339850	geckodriver::marionette	INFO	Starting browser /usr/bin/firefox with args ["-marionette"]
1500262341693	Marionette	INFO	Listening on port 39297
1500262341726	Marionette	INFO	Listening on port 37239
1500262341798	Marionette	WARN	TLS certificate errors will be ignored for this session
1500262341843	Marionette	WARN	TLS certificate errors will be ignored for this session
1500262443007	geckodriver	INFO	geckodriver 0.18.0
1500262443009	geckodriver	INFO	Listening on 127.0.0.1:55265
1500262443010	geckodriver	INFO	geckodriver 0.18.0
1500262443012	geckodriver	INFO	Listening on 127.0.0.1:50125
1500262444096	geckodriver::marionette	INFO	Starting browser /usr/bin/firefox with args ["-marionette"]
1500262444100	geckodriver::marionette	INFO	Starting browser /usr/bin/firefox with args ["-marionette"]
1500262445878	Marionette	INFO	Listening on port 37679
1500262445909	Marionette	INFO	Listening on port 34789
1500262445952	Marionette	WARN	TLS certificate errors will be ignored for this session
1500262445973	Marionette	WARN	TLS certificate errors will be ignored for this session
1500262517013	geckodriver	INFO	geckodriver 0.18.0
1500262517016	geckodriver	INFO	Listening on 127.0.0.1:40025
1500262517031	geckodriver	INFO	geckodriver 0.18.0
1500262517033	geckodriver	INFO	Listening on 127.0.0.1:32789
1500262518100	geckodriver::marionette	INFO	Starting browser /usr/bin/firefox with args ["-marionette"]
1500262518117	geckodriver::marionette	INFO	Starting browser /usr/bin/firefox with args ["-marionette"]
1500262519887	Marionette	INFO	Listening on port 43665
1500262519887	Marionette	INFO	Listening on port 39263
1500262519949	Marionette	WARN	TLS certificate errors will be ignored for this session
1500262519974	Marionette	WARN	TLS certificate errors will be ignored for this session
1500262564828	geckodriver	INFO	geckodriver 0.18.0
1500262564830	geckodriver	INFO	geckodriver 0.18.0
1500262564831	geckodriver	INFO	Listening on 127.0.0.1:59947
1500262564833	geckodriver	INFO	Listening on 127.0.0.1:57567
1500262564850	geckodriver	INFO	geckodriver 0.18.0
1500262564850	geckodriver	INFO	geckodriver 0.18.0
1500262564853	geckodriver	INFO	Listening on 127.0.0.1:38907
1500262564853	geckodriver	INFO	Listening on 127.0.0.1:60369
1500262564863	geckodriver	INFO	geckodriver 0.18.0
1500262564864	geckodriver	INFO	geckodriver 0.18.0
1500262564866	geckodriver	INFO	Listening on 127.0.0.1:43863
1500262564866	geckodriver	INFO	Listening on 127.0.0.1:55729
1500262565919	geckodriver::marionette	INFO	Starting browser /usr/bin/firefox with args ["-marionette"]
1500262565944	geckodriver::marionette	INFO	Starting browser /usr/bin/firefox with args ["-marionette"]
1500262565985	geckodriver::marionette	INFO	Starting browser /usr/bin/firefox with args ["-marionette"]
1500262566097	geckodriver::marionette	INFO	Starting browser /usr/bin/firefox with args ["-marionette"]
1500262566106	geckodriver::marionette	INFO	Starting browser /usr/bin/firefox with args ["-marionette"]
1500262566122	geckodriver::marionette	INFO	Starting browser /usr/bin/firefox with args ["-marionette"]
1500262571380	Marionette	INFO	Listening on port 41921
1500262571615	Marionette	INFO	Listening on port 44573
1500262571770	Marionette	WARN	TLS certificate errors will be ignored for this session
1500262571783	Marionette	INFO	Listening on port 45077
1500262572011	Marionette	INFO	Listening on port 36791
1500262572088	Marionette	INFO	Listening on port 34565
1500262572221	Marionette	WARN	TLS certificate errors will be ignored for this session
1500262572352	Marionette	INFO	Listening on port 44489
1500262572386	Marionette	WARN	TLS certificate errors will be ignored for this session
1500262572606	Marionette	WARN	TLS certificate errors will be ignored for this session
1500262572624	Marionette	WARN	TLS certificate errors will be ignored for this session
1500262572820	Marionette	WARN	TLS certificate errors will be ignored for this session
1500298699936	geckodriver	INFO	geckodriver 0.18.0
1500298699944	geckodriver	INFO	Listening on 127.0.0.1:55549
1500298701048	geckodriver::marionette	INFO	Starting browser /usr/bin/firefox with args ["-marionette"]
1500298703932	Marionette	INFO	Listening on port 39783
1500298704024	Marionette	WARN	TLS certificate errors will be ignored for this session
1500298836494	geckodriver	INFO	geckodriver 0.18.0
1500298836496	geckodriver	INFO	Listening on 127.0.0.1:59063
1500298837580	geckodriver::marionette	INFO	Starting browser /usr/bin/firefox with args ["-marionette"]
1500298839315	Marionette	INFO	Listening on port 46405
1500298839436	Marionette	WARN	TLS certificate errors will be ignored for this session
1500298940544	geckodriver	INFO	geckodriver 0.18.0
1500298940547	geckodriver	INFO	Listening on 127.0.0.1:35525
1500298941632	geckodriver::marionette	INFO	Starting browser /usr/bin/firefox with args ["-marionette"]
1500298943363	Marionette	INFO	Listening on port 35039
1500298943510	Marionette	WARN	TLS certificate errors will be ignored for this session
1500299012106	geckodriver	INFO	geckodriver 0.18.0
1500299012110	geckodriver	INFO	Listening on 127.0.0.1:55329
1500299013193	geckodriver::marionette	INFO	Starting browser /usr/bin/firefox with args ["-marionette"]
1500299014919	Marionette	INFO	Listening on port 38229
1500299015048	Marionette	WARN	TLS certificate errors will be ignored for this session
1500299897895	geckodriver	INFO	geckodriver 0.18.0
1500299897897	geckodriver	INFO	Listening on 127.0.0.1:58517
1500299898982	geckodriver::marionette	INFO	Starting browser /usr/bin/firefox with args ["-marionette"]
1500299900705	Marionette	INFO	Listening on port 37209
1500299900834	Marionette	WARN	TLS certificate errors will be ignored for this session
1500300299090	geckodriver	INFO	geckodriver 0.18.0
1500300299093	geckodriver	INFO	Listening on 127.0.0.1:53737
1500300299183	geckodriver::marionette	INFO	Starting browser /usr/bin/firefox with args ["-marionette"]
1500300300952	Marionette	INFO	Listening on port 35561
1500300301036	Marionette	WARN	TLS certificate errors will be ignored for this session
1500300480899	Marionette	INFO	Ceased listening
1500300539132	geckodriver	INFO	geckodriver 0.18.0
1500300539134	geckodriver	INFO	Listening on 127.0.0.1:37863
1500300540219	geckodriver::marionette	INFO	Starting browser /usr/bin/firefox with args ["-marionette"]
1500300541985	Marionette	INFO	Listening on port 34365
1500300542074	Marionette	WARN	TLS certificate errors will be ignored for this session
1500300554359	Marionette	INFO	Ceased listening
1500318059821	geckodriver	INFO	geckodriver 0.18.0
1500318059825	geckodriver	INFO	Listening on 127.0.0.1:47119
1500318060914	geckodriver::marionette	INFO	Starting browser /usr/bin/firefox with args ["-marionette"]
1500318062783	Marionette	INFO	Listening on port 35729
1500318062863	Marionette	WARN	TLS certificate errors will be ignored for this session
1500318070222	Marionette	INFO	Ceased listening
1500318151058	geckodriver	INFO	geckodriver 0.18.0
1500318151060	geckodriver	INFO	Listening on 127.0.0.1:56695
1500318152145	geckodriver::marionette	INFO	Starting browser /usr/bin/firefox with args ["-marionette"]
1500318153880	Marionette	INFO	Listening on port 41765
1500318154002	Marionette	WARN	TLS certificate errors will be ignored for this session
1500318213446	Marionette	INFO	Ceased listening
1500318215171	geckodriver	INFO	geckodriver 0.18.0
1500318215173	geckodriver	INFO	Listening on 127.0.0.1:34295
1500318215268	geckodriver::marionette	INFO	Starting browser /usr/bin/firefox with args ["-marionette"]
1500318217011	Marionette	INFO	Listening on port 33455
1500318217125	Marionette	WARN	TLS certificate errors will be ignored for this session
1500318304404	geckodriver	INFO	geckodriver 0.18.0
1500318304421	geckodriver	INFO	Listening on 127.0.0.1:60781
1500318305491	geckodriver::marionette	INFO	Starting browser /usr/bin/firefox with args ["-marionette"]
1500318307595	Marionette	INFO	Listening on port 36635
1500318307707	Marionette	WARN	TLS certificate errors will be ignored for this session
1500318335734	Marionette	INFO	Ceased listening
*************************
A coding exception was thrown and uncaught in a Task.

Full message: TypeError: NetworkError when attempting to fetch resource.
Full stack: 
*************************
1500318817513	geckodriver	INFO	geckodriver 0.18.0
1500318817515	geckodriver	INFO	Listening on 127.0.0.1:51823
1500318818599	geckodriver::marionette	INFO	Starting browser /usr/bin/firefox with args ["-marionette"]
1500318820306	Marionette	INFO	Listening on port 42749
1500318820360	Marionette	WARN	TLS certificate errors will be ignored for this session
1500318835578	Marionette	INFO	Ceased listening
1500318837834	Marionette	INFO	Ceased listening
1500318846996	geckodriver	INFO	geckodriver 0.18.0
1500318846999	geckodriver	INFO	Listening on 127.0.0.1:36365
1500318847096	geckodriver::marionette	INFO	Starting browser /usr/bin/firefox with args ["-marionette"]
1500318848847	Marionette	INFO	Listening on port 44631
1500318848933	Marionette	WARN	TLS certificate errors will be ignored for this session
1500318905063	Marionette	INFO	Ceased listening
1500318971052	geckodriver	INFO	geckodriver 0.18.0
1500318971056	geckodriver	INFO	Listening on 127.0.0.1:39731
1500318972144	geckodriver::marionette	INFO	Starting browser /usr/bin/firefox with args ["-marionette"]
1500318973873	Marionette	INFO	Listening on port 34107
1500318974006	Marionette	WARN	TLS certificate errors will be ignored for this session
1500318996345	geckodriver	INFO	geckodriver 0.18.0
1500318996347	geckodriver	INFO	Listening on 127.0.0.1:51851
1500318997435	geckodriver::marionette	INFO	Starting browser /usr/bin/firefox with args ["-marionette"]
1500318999194	Marionette	INFO	Listening on port 34925
1500318999290	Marionette	WARN	TLS certificate errors will be ignored for this session
1500319000862	Marionette	INFO	Ceased listening
1500319007469	geckodriver	INFO	geckodriver 0.18.0
1500319007473	geckodriver	INFO	Listening on 127.0.0.1:40011
1500319008558	geckodriver::marionette	INFO	Starting browser /usr/bin/firefox with args ["-marionette"]
1500319010367	Marionette	INFO	Listening on port 35981
1500319010443	Marionette	WARN	TLS certificate errors will be ignored for this session
1500319020315	Marionette	INFO	Ceased listening
1500319184664	geckodriver	INFO	geckodriver 0.18.0
1500319184666	geckodriver	INFO	Listening on 127.0.0.1:60203
1500319185752	geckodriver::marionette	INFO	Starting browser /usr/bin/firefox with args ["-marionette"]
1500319187562	Marionette	INFO	Listening on port 38441
1500319187653	Marionette	WARN	TLS certificate errors will be ignored for this session
1500319200967	Marionette	INFO	Ceased listening
*************************
A coding exception was thrown and uncaught in a Task.

Full message: TypeError: NetworkError when attempting to fetch resource.
Full stack: 
*************************
1500320668979	geckodriver	INFO	geckodriver 0.18.0
1500320668981	geckodriver	INFO	Listening on 127.0.0.1:44075
1500320669078	geckodriver::marionette	INFO	Starting browser /usr/bin/firefox with args ["-marionette"]
1500320670903	Marionette	INFO	Listening on port 45153
1500320671040	Marionette	WARN	TLS certificate errors will be ignored for this session
1500320702263	geckodriver	INFO	geckodriver 0.18.0
1500320702304	geckodriver	INFO	Listening on 127.0.0.1:40629
1500320702459	geckodriver::marionette	INFO	Starting browser /usr/bin/firefox with args ["-marionette"]
1500320705061	Marionette	INFO	Listening on port 46437
1500320705163	Marionette	WARN	TLS certificate errors will be ignored for this session
1500320748352	geckodriver	INFO	geckodriver 0.18.0
1500320748354	geckodriver	INFO	Listening on 127.0.0.1:36789
1500320748455	geckodriver::marionette	INFO	Starting browser /usr/bin/firefox with args ["-marionette"]
1500320750580	Marionette	INFO	Listening on port 45335
1500320750651	Marionette	WARN	TLS certificate errors will be ignored for this session
1500320760865	geckodriver	INFO	geckodriver 0.18.0
1500320760868	geckodriver	INFO	Listening on 127.0.0.1:57765
1500320761942	geckodriver::marionette	INFO	Starting browser /usr/bin/firefox with args ["-marionette"]
1500320764567	Marionette	INFO	Listening on port 39221
1500320764657	Marionette	WARN	TLS certificate errors will be ignored for this session
1500320775211	Marionette	INFO	Ceased listening
1500321010412	geckodriver	INFO	geckodriver 0.18.0
1500321010414	geckodriver	INFO	Listening on 127.0.0.1:59281
1500321011496	geckodriver::marionette	INFO	Starting browser /usr/bin/firefox with args ["-marionette"]
1500321013316	Marionette	INFO	Listening on port 35615
1500321013392	Marionette	WARN	TLS certificate errors will be ignored for this session
*************************
A coding exception was thrown and uncaught in a Task.

Full message: TypeError: NetworkError when attempting to fetch resource.
Full stack: 
*************************
1500321186549	Marionette	INFO	Ceased listening
1500321188366	Marionette	INFO	Ceased listening
1500321190059	Marionette	INFO	Ceased listening
1500321192447	Marionette	INFO	Ceased listening
1500321194809	Marionette	INFO	Ceased listening
1500321877619	geckodriver	INFO	geckodriver 0.18.0
1500321877621	geckodriver	INFO	Listening on 127.0.0.1:37915
1500321878710	geckodriver::marionette	INFO	Starting browser /usr/bin/firefox with args ["-marionette"]
1500321880453	Marionette	INFO	Listening on port 40129
1500321880575	Marionette	WARN	TLS certificate errors will be ignored for this session
*************************
A coding exception was thrown and uncaught in a Task.

Full message: TypeError: NetworkError when attempting to fetch resource.
Full stack: 
*************************
1500329309675	Marionette	INFO	Ceased listening
1500330920726	geckodriver	INFO	geckodriver 0.18.0
1500330920728	geckodriver	INFO	Listening on 127.0.0.1:34461
1500330921818	geckodriver::marionette	INFO	Starting browser /usr/bin/firefox with args ["-marionette"]
1500330923563	Marionette	INFO	Listening on port 40731
1500330923673	Marionette	WARN	TLS certificate errors will be ignored for this session
*************************
A coding exception was thrown and uncaught in a Task.

Full message: TypeError: NetworkError when attempting to fetch resource.
Full stack: 
*************************
1500333121795	Marionette	INFO	Ceased listening
1500333148103	geckodriver	INFO	geckodriver 0.18.0
1500333148106	geckodriver	INFO	Listening on 127.0.0.1:43273
1500333149194	geckodriver::marionette	INFO	Starting browser /usr/bin/firefox with args ["-marionette"]
1500333150911	Marionette	INFO	Listening on port 35285
1500333150969	Marionette	WARN	TLS certificate errors will be ignored for this session
1500333151683	geckodriver	INFO	geckodriver 0.18.0
1500333151686	geckodriver	INFO	Listening on 127.0.0.1:57279
1500333152771	geckodriver::marionette	INFO	Starting browser /usr/bin/firefox with args ["-marionette"]
1500333154513	Marionette	INFO	Listening on port 42883
1500333154600	Marionette	WARN	TLS certificate errors will be ignored for this session
1500333650254	geckodriver	INFO	geckodriver 0.18.0
1500333650256	geckodriver	INFO	Listening on 127.0.0.1:54063
1500333650354	geckodriver::marionette	INFO	Starting browser /usr/bin/firefox with args ["-marionette"]
1500333652126	Marionette	INFO	Listening on port 46415
1500333652208	Marionette	WARN	TLS certificate errors will be ignored for this session
1500333653001	geckodriver	INFO	geckodriver 0.18.0
1500333653003	geckodriver	INFO	Listening on 127.0.0.1:34491
1500333654088	geckodriver::marionette	INFO	Starting browser /usr/bin/firefox with args ["-marionette"]
1500333655914	Marionette	INFO	Listening on port 33239
1500333656041	Marionette	WARN	TLS certificate errors will be ignored for this session
1500333806596	geckodriver	INFO	geckodriver 0.18.0
1500333806598	geckodriver	INFO	Listening on 127.0.0.1:34723
1500333806704	geckodriver::marionette	INFO	Starting browser /usr/bin/firefox with args ["-marionette"]
1500333808468	Marionette	INFO	Listening on port 33037
1500333808534	Marionette	WARN	TLS certificate errors will be ignored for this session
1500333809178	geckodriver	INFO	geckodriver 0.18.0
1500333809180	geckodriver	INFO	Listening on 127.0.0.1:46069
1500333810267	geckodriver::marionette	INFO	Starting browser /usr/bin/firefox with args ["-marionette"]
1500333812106	Marionette	INFO	Listening on port 34505
1500333812220	Marionette	WARN	TLS certificate errors will be ignored for this session
*************************
A coding exception was thrown and uncaught in a Task.

Full message: TypeError: NetworkError when attempting to fetch resource.
Full stack: 
*************************
*************************
A coding exception was thrown and uncaught in a Task.

Full message: TypeError: NetworkError when attempting to fetch resource.
Full stack: 
*************************
1500335195088	geckodriver	INFO	geckodriver 0.18.0
1500335195091	geckodriver	INFO	Listening on 127.0.0.1:53267
1500335196180	geckodriver::marionette	INFO	Starting browser /usr/bin/firefox with args ["-marionette"]
1500335197921	Marionette	INFO	Listening on port 35001
1500335198035	Marionette	WARN	TLS certificate errors will be ignored for this session
1500335198853	geckodriver	INFO	geckodriver 0.18.0
1500335198855	geckodriver	INFO	Listening on 127.0.0.1:40717
1500335199938	geckodriver::marionette	INFO	Starting browser /usr/bin/firefox with args ["-marionette"]
1500335201825	Marionette	INFO	Listening on port 34069
1500335201897	Marionette	WARN	TLS certificate errors will be ignored for this session
*************************
A coding exception was thrown and uncaught in a Task.

Full message: TypeError: NetworkError when attempting to fetch resource.
Full stack: 
*************************
*************************
A coding exception was thrown and uncaught in a Task.

Full message: TypeError: NetworkError when attempting to fetch resource.
Full stack: 
*************************
1500336873853	geckodriver	INFO	geckodriver 0.18.0
1500336873855	geckodriver	INFO	Listening on 127.0.0.1:54713
1500336874944	geckodriver::marionette	INFO	Starting browser /usr/bin/firefox with args ["-marionette"]
1500336876709	Marionette	INFO	Listening on port 44745
1500336876791	Marionette	WARN	TLS certificate errors will be ignored for this session
1500336877484	geckodriver	INFO	geckodriver 0.18.0
1500336877487	geckodriver	INFO	Listening on 127.0.0.1:59361
1500336878571	geckodriver::marionette	INFO	Starting browser /usr/bin/firefox with args ["-marionette"]
1500336880341	Marionette	INFO	Listening on port 35269
1500336880412	Marionette	WARN	TLS certificate errors will be ignored for this session
1500337013243	geckodriver	INFO	geckodriver 0.18.0
1500337013249	geckodriver	INFO	Listening on 127.0.0.1:36499
1500337014334	geckodriver::marionette	INFO	Starting browser /usr/bin/firefox with args ["-marionette"]
1500337016091	Marionette	INFO	Listening on port 42009
1500337016183	Marionette	WARN	TLS certificate errors will be ignored for this session
1500337016932	geckodriver	INFO	geckodriver 0.18.0
1500337016935	geckodriver	INFO	Listening on 127.0.0.1:54683
1500337018018	geckodriver::marionette	INFO	Starting browser /usr/bin/firefox with args ["-marionette"]
1500337019783	Marionette	INFO	Listening on port 46445
1500337019861	Marionette	WARN	TLS certificate errors will be ignored for this session
*************************
A coding exception was thrown and uncaught in a Task.

Full message: TypeError: NetworkError when attempting to fetch resource.
Full stack: 
*************************
*************************
A coding exception was thrown and uncaught in a Task.

Full message: TypeError: NetworkError when attempting to fetch resource.
Full stack: 
*************************
1500338517635	geckodriver	INFO	geckodriver 0.18.0
1500338517640	geckodriver	INFO	Listening on 127.0.0.1:60189
1500338518725	geckodriver::marionette	INFO	Starting browser /usr/bin/firefox with args ["-marionette"]
1500338520517	Marionette	INFO	Listening on port 39233
1500338520576	Marionette	WARN	TLS certificate errors will be ignored for this session
1500338521431	geckodriver	INFO	geckodriver 0.18.0
1500338521434	geckodriver	INFO	Listening on 127.0.0.1:38653
1500338522518	geckodriver::marionette	INFO	Starting browser /usr/bin/firefox with args ["-marionette"]
1500338524353	Marionette	INFO	Listening on port 39133
1500338524478	Marionette	WARN	TLS certificate errors will be ignored for this session
*************************
A coding exception was thrown and uncaught in a Task.

Full message: TypeError: NetworkError when attempting to fetch resource.
Full stack: 
*************************
*************************
A coding exception was thrown and uncaught in a Task.

Full message: TypeError: NetworkError when attempting to fetch resource.
Full stack: 
*************************
1500339239031	Marionette	INFO	Ceased listening
1500339431743	Marionette	INFO	Ceased listening
1500340888321	geckodriver	INFO	geckodriver 0.18.0
1500340888324	geckodriver	INFO	Listening on 127.0.0.1:47377
1500340889410	geckodriver::marionette	INFO	Starting browser /usr/bin/firefox with args ["-marionette"]
1500340891177	Marionette	INFO	Listening on port 42619
1500340891261	Marionette	WARN	TLS certificate errors will be ignored for this session
1500341031398	geckodriver	INFO	geckodriver 0.18.0
1500341031401	geckodriver	INFO	Listening on 127.0.0.1:57463
1500341032486	geckodriver::marionette	INFO	Starting browser /usr/bin/firefox with args ["-marionette"]
1500341034224	Marionette	INFO	Listening on port 42865
1500341034334	Marionette	WARN	TLS certificate errors will be ignored for this session
1500341449015	geckodriver	INFO	geckodriver 0.18.0
1500341449017	geckodriver	INFO	Listening on 127.0.0.1:53859
1500341449117	geckodriver::marionette	INFO	Starting browser /usr/bin/firefox with args ["-marionette"]
1500341450832	Marionette	INFO	Listening on port 42637
1500341450881	Marionette	WARN	TLS certificate errors will be ignored for this session
1500341545688	Marionette	INFO	Ceased listening
1500341568115	geckodriver	INFO	geckodriver 0.18.0
1500341568118	geckodriver	INFO	Listening on 127.0.0.1:34031
1500341569204	geckodriver::marionette	INFO	Starting browser /usr/bin/firefox with args ["-marionette"]
1500341570945	Marionette	INFO	Listening on port 33511
1500341571062	Marionette	WARN	TLS certificate errors will be ignored for this session
1500342044657	geckodriver	INFO	geckodriver 0.18.0
1500342044659	geckodriver	INFO	Listening on 127.0.0.1:53815
1500342045756	geckodriver::marionette	INFO	Starting browser /usr/bin/firefox with args ["-marionette"]
1500342047447	Marionette	INFO	Listening on port 39261
1500342047523	Marionette	WARN	TLS certificate errors will be ignored for this session
1500342201113	geckodriver	INFO	geckodriver 0.18.0
1500342201116	geckodriver	INFO	Listening on 127.0.0.1:48891
1500342202203	geckodriver::marionette	INFO	Starting browser /usr/bin/firefox with args ["-marionette"]
1500342204033	Marionette	INFO	Listening on port 39907
1500342204162	Marionette	WARN	TLS certificate errors will be ignored for this session
1500342205173	geckodriver	INFO	geckodriver 0.18.0
1500342205189	geckodriver	INFO	Listening on 127.0.0.1:51673
1500342206267	geckodriver::marionette	INFO	Starting browser /usr/bin/firefox with args ["-marionette"]
1500342209011	Marionette	INFO	Listening on port 43049
1500342209107	Marionette	WARN	TLS certificate errors will be ignored for this session
1500342241352	geckodriver	INFO	geckodriver 0.18.0
1500342241356	geckodriver	INFO	Listening on 127.0.0.1:51923
1500342242445	geckodriver::marionette	INFO	Starting browser /usr/bin/firefox with args ["-marionette"]
1500342244221	Marionette	INFO	Listening on port 39313
1500342244298	Marionette	WARN	TLS certificate errors will be ignored for this session
1500342245050	geckodriver	INFO	geckodriver 0.18.0
1500342245053	geckodriver	INFO	Listening on 127.0.0.1:39675
1500342246136	geckodriver::marionette	INFO	Starting browser /usr/bin/firefox with args ["-marionette"]
1500342247930	Marionette	INFO	Listening on port 38277
1500342248006	Marionette	WARN	TLS certificate errors will be ignored for this session
1500342629191	geckodriver	INFO	geckodriver 0.18.0
1500342629194	geckodriver	INFO	Listening on 127.0.0.1:38013
1500342629286	geckodriver::marionette	INFO	Starting browser /usr/bin/firefox with args ["-marionette"]
1500342631099	Marionette	INFO	Listening on port 33785
1500342631217	Marionette	WARN	TLS certificate errors will be ignored for this session
1500342631886	geckodriver	INFO	geckodriver 0.18.0
1500342631889	geckodriver	INFO	Listening on 127.0.0.1:60807
1500342632982	geckodriver::marionette	INFO	Starting browser /usr/bin/firefox with args ["-marionette"]
1500342634864	Marionette	INFO	Listening on port 37755
1500342634928	Marionette	WARN	TLS certificate errors will be ignored for this session
*************************
A coding exception was thrown and uncaught in a Task.

Full message: TypeError: NetworkError when attempting to fetch resource.
Full stack: 
*************************
*************************
A coding exception was thrown and uncaught in a Task.

Full message: TypeError: NetworkError when attempting to fetch resource.
Full stack: 
*************************
1500343322390	geckodriver	INFO	geckodriver 0.18.0
1500343322393	geckodriver	INFO	Listening on 127.0.0.1:50933
1500343322491	geckodriver::marionette	INFO	Starting browser /usr/bin/firefox with args ["-marionette"]
1500343324255	Marionette	INFO	Listening on port 41901
1500343324323	Marionette	WARN	TLS certificate errors will be ignored for this session
1500343333552	geckodriver	INFO	geckodriver 0.18.0
1500343333555	geckodriver	INFO	Listening on 127.0.0.1:51019
1500343333652	geckodriver::marionette	INFO	Starting browser /usr/bin/firefox with args ["-marionette"]
1500343335436	Marionette	INFO	Listening on port 41181
1500343335497	Marionette	WARN	TLS certificate errors will be ignored for this session
1500343548654	geckodriver	INFO	geckodriver 0.18.0
1500343548688	geckodriver	INFO	Listening on 127.0.0.1:33825
1500343548845	geckodriver::marionette	INFO	Starting browser /usr/bin/firefox with args ["-marionette"]
1500343551115	Marionette	INFO	Listening on port 37627
1500343551234	Marionette	WARN	TLS certificate errors will be ignored for this session
1500343638521	geckodriver	INFO	geckodriver 0.18.0
1500343638526	geckodriver	INFO	Listening on 127.0.0.1:45667
1500343639620	geckodriver::marionette	INFO	Starting browser /usr/bin/firefox with args ["-marionette"]
1500343641787	Marionette	INFO	Listening on port 42561
1500343641883	Marionette	WARN	TLS certificate errors will be ignored for this session
*************************
A coding exception was thrown and uncaught in a Task.

Full message: TypeError: NetworkError when attempting to fetch resource.
Full stack: 
*************************
1500343888090	geckodriver	INFO	geckodriver 0.18.0
1500343888093	geckodriver	INFO	Listening on 127.0.0.1:45149
1500343888185	geckodriver::marionette	INFO	Starting browser /usr/bin/firefox with args ["-marionette"]
1500343889993	Marionette	INFO	Listening on port 38285
1500343890057	Marionette	WARN	TLS certificate errors will be ignored for this session
1500344169945	geckodriver	INFO	geckodriver 0.18.0
1500344169956	geckodriver	INFO	Listening on 127.0.0.1:40031
1500344171045	geckodriver::marionette	INFO	Starting browser /usr/bin/firefox with args ["-marionette"]
1500344172851	Marionette	INFO	Listening on port 37969
1500344172923	Marionette	WARN	TLS certificate errors will be ignored for this session
1500344174556	Marionette	INFO	Ceased listening
1500344183399	geckodriver	INFO	geckodriver 0.18.0
1500344183401	geckodriver	INFO	Listening on 127.0.0.1:34257
1500344183502	geckodriver::marionette	INFO	Starting browser /usr/bin/firefox with args ["-marionette"]
1500344185233	Marionette	INFO	Listening on port 44011
1500344185341	Marionette	WARN	TLS certificate errors will be ignored for this session
1500344274891	geckodriver	INFO	geckodriver 0.18.0
1500344274893	geckodriver	INFO	Listening on 127.0.0.1:59553
1500344275982	geckodriver::marionette	INFO	Starting browser /usr/bin/firefox with args ["-marionette"]
1500344277782	Marionette	INFO	Listening on port 42711
1500344277842	Marionette	WARN	TLS certificate errors will be ignored for this session
*************************
A coding exception was thrown and uncaught in a Task.

Full message: TypeError: NetworkError when attempting to fetch resource.
Full stack: 
*************************
1500345139691	geckodriver	INFO	geckodriver 0.18.0
1500345139693	geckodriver	INFO	Listening on 127.0.0.1:33889
1500345140781	geckodriver::marionette	INFO	Starting browser /usr/bin/firefox with args ["-marionette"]
1500345142472	Marionette	INFO	Listening on port 37475
1500345142551	Marionette	WARN	TLS certificate errors will be ignored for this session
*************************
A coding exception was thrown and uncaught in a Task.

Full message: TypeError: NetworkError when attempting to fetch resource.
Full stack: 
*************************
1500352195999	Marionette	INFO	Ceased listening
1500352360173	Marionette	INFO	Ceased listening
1500352574712	geckodriver	INFO	geckodriver 0.18.0
1500352574723	geckodriver	INFO	Listening on 127.0.0.1:33133
1500352575962	geckodriver::marionette	INFO	Starting browser /usr/bin/firefox with args ["-marionette"]
1500352581676	Marionette	INFO	Listening on port 37691
1500352581799	Marionette	WARN	TLS certificate errors will be ignored for this session
1500352655360	geckodriver	INFO	geckodriver 0.18.0
1500352655363	geckodriver	INFO	Listening on 127.0.0.1:53551
1500352656509	geckodriver::marionette	INFO	Starting browser /usr/bin/firefox with args ["-marionette"]
1500352659124	Marionette	INFO	Listening on port 43331
1500352659233	Marionette	WARN	TLS certificate errors will be ignored for this session
1500352661272	Marionette	INFO	Ceased listening
1500839017083	geckodriver	INFO	geckodriver 0.18.0
1500839017100	geckodriver	INFO	Listening on 127.0.0.1:42889
1500839018162	geckodriver::marionette	INFO	Starting browser /usr/bin/firefox with args ["-marionette"]
1500839021699	Marionette	INFO	Listening on port 38255
1500839021818	Marionette	WARN	TLS certificate errors will be ignored for this session
1500839043175	Marionette	INFO	Ceased listening
1500839051213	geckodriver	INFO	geckodriver 0.18.0
1500839051216	geckodriver	INFO	Listening on 127.0.0.1:39113
1500839052301	geckodriver::marionette	INFO	Starting browser /usr/bin/firefox with args ["-marionette"]
1500839054085	Marionette	INFO	Listening on port 34375
1500839054150	Marionette	WARN	TLS certificate errors will be ignored for this session
1500839074082	Marionette	INFO	Ceased listening
1500839162044	geckodriver	INFO	geckodriver 0.18.0
1500839162047	geckodriver	INFO	Listening on 127.0.0.1:45397
1500839163134	geckodriver::marionette	INFO	Starting browser /usr/bin/firefox with args ["-marionette"]
1500839164847	Marionette	INFO	Listening on port 35223
1500839164911	Marionette	WARN	TLS certificate errors will be ignored for this session
1500839583564	Marionette	INFO	Ceased listening
1500840102556	geckodriver	INFO	geckodriver 0.18.0
1500840102558	geckodriver	INFO	Listening on 127.0.0.1:50251
1500840102649	geckodriver::marionette	INFO	Starting browser /usr/bin/firefox with args ["-marionette"]
1500840104393	Marionette	INFO	Listening on port 33425
1500840104509	Marionette	WARN	TLS certificate errors will be ignored for this session
1500840106110	Marionette	INFO	Ceased listening
1500840108867	geckodriver	INFO	geckodriver 0.18.0
1500840108870	geckodriver	INFO	Listening on 127.0.0.1:58245
1500840109959	geckodriver::marionette	INFO	Starting browser /usr/bin/firefox with args ["-marionette"]
1500840111686	Marionette	INFO	Listening on port 38043
1500840111809	Marionette	WARN	TLS certificate errors will be ignored for this session
1500840151767	Marionette	INFO	Ceased listening
1500840190366	geckodriver	INFO	geckodriver 0.18.0
1500840190368	geckodriver	INFO	Listening on 127.0.0.1:44335
1500840190458	geckodriver::marionette	INFO	Starting browser /usr/bin/firefox with args ["-marionette"]
1500840192227	Marionette	INFO	Listening on port 35677
1500840192294	Marionette	WARN	TLS certificate errors will be ignored for this session
*************************
A coding exception was thrown and uncaught in a Task.

Full message: TypeError: NetworkError when attempting to fetch resource.
Full stack: 
*************************
1500840750532	Marionette	INFO	Ceased listening
1500840760048	geckodriver	INFO	geckodriver 0.18.0
1500840760050	geckodriver	INFO	Listening on 127.0.0.1:41419
1500840760142	geckodriver::marionette	INFO	Starting browser /usr/bin/firefox with args ["-marionette"]
1500840761878	Marionette	INFO	Listening on port 41665
1500840761975	Marionette	WARN	TLS certificate errors will be ignored for this session
*************************
A coding exception was thrown and uncaught in a Task.

Full message: TypeError: NetworkError when attempting to fetch resource.
Full stack: 
*************************
1500843578480	Marionette	INFO	Ceased listening
1500843594287	geckodriver	INFO	geckodriver 0.18.0
1500843594289	geckodriver	INFO	Listening on 127.0.0.1:34415
1500843594377	geckodriver::marionette	INFO	Starting browser /usr/bin/firefox with args ["-marionette"]
1500843596129	Marionette	INFO	Listening on port 37311
1500843596208	Marionette	WARN	TLS certificate errors will be ignored for this session
1500843729956	Marionette	INFO	Ceased listening
1500843734840	geckodriver	INFO	geckodriver 0.18.0
1500843734843	geckodriver	INFO	Listening on 127.0.0.1:43477
1500843735933	geckodriver::marionette	INFO	Starting browser /usr/bin/firefox with args ["-marionette"]
1500843737659	Marionette	INFO	Listening on port 37683
1500843737728	Marionette	WARN	TLS certificate errors will be ignored for this session
*************************
A coding exception was thrown and uncaught in a Task.

Full message: TypeError: NetworkError when attempting to fetch resource.
Full stack: 
*************************
1500846153165	Marionette	INFO	Ceased listening
1500846509946	geckodriver	INFO	geckodriver 0.18.0
1500846509948	geckodriver	INFO	Listening on 127.0.0.1:47367
1500846511038	geckodriver::marionette	INFO	Starting browser /usr/bin/firefox with args ["-marionette"]
1500846512829	Marionette	INFO	Listening on port 42961
1500846512905	Marionette	WARN	TLS certificate errors will be ignored for this session
1500846593141	Marionette	INFO	Ceased listening
